2020.11.16 15:16:45 INFO  Started: Metals version 0.9.5 in workspace 'C:\Users\Mettle\ChiselProjects\chisel-template' for client vscode.
2020.11.16 15:16:45 INFO  time: initialize in 0.34s
2020.11.16 15:16:46 WARN  Build server is not auto-connectable.
2020.11.16 15:16:46 WARN  no build target for: C:\Users\Mettle\ChiselProjects\chisel-template\src\main\scala\acc_proc\acc_proc_shared\acc_proc_def.scala
2020.11.16 15:16:46 WARN  no build target for: C:\Users\Mettle\ChiselProjects\chisel-template\src\main\scala\acc_proc\acc_proc_shared\acc_proc_programs.scala
2020.11.16 15:16:46 WARN  no build target for: C:\Users\Mettle\ChiselProjects\chisel-template\src\test\scala\acc_proc\ACC_PROC_MAIN.scala
2020.11.16 15:16:46 WARN  no build target for: C:\Users\Mettle\ChiselProjects\chisel-template\src\main\scala\acc_proc\acc_proc.scala
2020.11.16 15:16:48 INFO  no build target: using presentation compiler with only scala-library
2020.11.16 15:25:03 INFO  running 'C:\Program Files\Java\jre1.8.0_271\bin\java -Djline.terminal=jline.UnsupportedTerminal -Dsbt.log.noformat=true -Dfile.encoding=UTF-8 -jar C:\Users\Mettle\AppData\Local\Temp\metals5916541239316208026\sbt-launch.jar -Dbloop.export-jar-classifiers=sources bloopInstall'
2020.11.16 15:25:08 INFO  [info] Loading global plugins from C:\Users\Mettle\.sbt\1.0\plugins
2020.11.16 15:25:11 INFO  [info] Loading settings for project chisel-template-build-build-build from metals.sbt ...
2020.11.16 15:25:11 INFO  [info] Loading project definition from C:\Users\Mettle\ChiselProjects\chisel-template\project\project\project
2020.11.16 15:25:15 INFO  [warn] There may be incompatibilities among your library dependencies; run 'evicted' to see detailed eviction warnings.
2020.11.16 15:25:15 INFO  [info] Loading settings for project chisel-template-build-build from metals.sbt ...
2020.11.16 15:25:15 INFO  [info] Loading project definition from C:\Users\Mettle\ChiselProjects\chisel-template\project\project
2020.11.16 15:25:17 INFO  [warn] There may be incompatibilities among your library dependencies; run 'evicted' to see detailed eviction warnings.
2020.11.16 15:25:17 INFO  [success] Generated .bloop\chisel-template-build-build.json
2020.11.16 15:25:17 INFO  [success] Total time: 1 s, completed 16-Nov-2020 3:25:18 PM
2020.11.16 15:25:18 INFO  [info] Loading settings for project chisel-template-build from metals.sbt,plugins.sbt ...
2020.11.16 15:25:18 INFO  [info] Loading project definition from C:\Users\Mettle\ChiselProjects\chisel-template\project
2020.11.16 15:25:18 INFO  [warn] There may be incompatibilities among your library dependencies; run 'evicted' to see detailed eviction warnings.
2020.11.16 15:25:20 INFO  [success] Total time: 1 s, completed 16-Nov-2020 3:25:20 PM
2020.11.16 15:25:22 INFO  [info] Loading settings for project chisel-template from build.sbt ...
2020.11.16 15:25:22 INFO  [info] Set current project to chisel-module-template (in build file:/C:/Users/Mettle/ChiselProjects/chisel-template/)
2020.11.16 15:25:23 INFO  [success] Generated .bloop\chisel-template-test.json
2020.11.16 15:25:23 INFO  [success] Generated .bloop\chisel-template.json
2020.11.16 15:25:23 INFO  [success] Total time: 0 s, completed 16-Nov-2020 3:25:23 PM
2020.11.16 15:25:23 INFO  sbt bloopInstall exit: 0
2020.11.16 15:25:23 INFO  time: ran 'sbt bloopInstall' in 19s
2020.11.16 15:25:23 INFO  Attempting to connect to the build server...
Starting the bsp launcher for bloop...
Opening a bsp server connection with 'bsp --protocol tcp --port 33304'...
Waiting for the bsp connection to come up...
Waiting for the bsp connection to come up...
Waiting for the bsp connection to come up...
Waiting for the bsp connection to come up...
Waiting for the bsp connection to come up...
Waiting for the bsp connection to come up...
Waiting for the bsp connection to come up...
Waiting for the bsp connection to come up...
Waiting for the bsp connection to come up...
Waiting for the bsp connection to come up...
Waiting for the bsp connection to come up...
Waiting for the bsp connection to come up...
Waiting for the bsp connection to come up...
Waiting for the bsp connection to come up...
Waiting for the bsp connection to come up...
Waiting for the bsp connection to come up...
No server running at 127.0.0.1:8212, let's fire one...
Resolving ch.epfl.scala:bloop-frontend_2.12:1.4.5-2-eb51d668...
Starting bloop server at 127.0.0.1:8212...
Attempting a connection to the server...
[0m[32m[D][0m Loading 2 projects from 'c:\Users\Mettle\ChiselProjects\chisel-template\.bloop'...
[0m[32m[D][0m Loading project from 'c:\Users\Mettle\ChiselProjects\chisel-template\.bloop\chisel-template-test.json'
[0m[32m[D][0m Loading project from 'c:\Users\Mettle\ChiselProjects\chisel-template\.bloop\chisel-template.json'
[0m[32m[D][0m Cache miss for scala instance org.scala-lang:scala-compiler:2.12.10.
[0m[32m[D][0m   => C:\Users\Mettle\.sbt\boot\scala-2.12.10\lib\jansi.jar
[0m[32m[D][0m   => C:\Users\Mettle\.sbt\boot\scala-2.12.10\lib\jline.jar
[0m[32m[D][0m   => C:\Users\Mettle\.sbt\boot\scala-2.12.10\lib\scala-compiler.jar
[0m[32m[D][0m   => C:\Users\Mettle\.sbt\boot\scala-2.12.10\lib\scala-library.jar
[0m[32m[D][0m   => C:\Users\Mettle\.sbt\boot\scala-2.12.10\lib\scala-reflect.jar
[0m[32m[D][0m   => C:\Users\Mettle\.sbt\boot\scala-2.12.10\lib\scala-xml_2.12.jar
[0m[32m[D][0m Missing analysis file for project 'chisel-template'
[0m[32m[D][0m Missing analysis file for project 'chisel-template-test'
[0m[32m[D][0m Waiting for a connection at 127.0.0.1:33304...
The server is listening for incoming connections at tcp://127.0.0.1:33304...
Starting thread that pumps stdin and redirects it to the bsp server...
Starting thread that pumps server stdout and redirects it to the client stdout...
2020.11.16 15:25:48 INFO  tracing is disabled for protocol BSP, to enable tracing of incoming and outgoing JSON messages create an empty file at C:\Users\Mettle\AppData\Local\scalameta\metals\cache\bsp.trace.json
2020.11.16 15:25:53 INFO  Attempting to connect to the build server...
Starting the bsp launcher for bloop...
Opening a bsp server connection with 'bsp --protocol tcp --port 12480'...
2020.11.16 15:25:53 INFO  Attempting to connect to the build server...
Waiting for the bsp connection to come up...
Starting the bsp launcher for bloop...
Opening a bsp server connection with 'bsp --protocol tcp --port 17442'...
Waiting for the bsp connection to come up...
[0m[32m[D][0m Loading workspace settings from bloop.settings.json
[0m[32m[D][0m Waiting for a connection at 127.0.0.1:17442...
The server is listening for incoming connections at tcp://127.0.0.1:17442...
[0m[32m[D][0m Loading workspace settings from bloop.settings.json
[0m[32m[D][0m Waiting for a connection at 127.0.0.1:12480...
The server is listening for incoming connections at tcp://127.0.0.1:12480...
Starting thread that pumps stdin and redirects it to the bsp server...
Starting thread that pumps stdin and redirects it to the bsp server...
Starting thread that pumps server stdout and redirects it to the client stdout...
Starting thread that pumps server stdout and redirects it to the client stdout...
2020.11.16 15:25:53 INFO  tracing is disabled for protocol BSP, to enable tracing of incoming and outgoing JSON messages create an empty file at C:\Users\Mettle\AppData\Local\scalameta\metals\cache\bsp.trace.json
2020.11.16 15:25:53 INFO  tracing is disabled for protocol BSP, to enable tracing of incoming and outgoing JSON messages create an empty file at C:\Users\Mettle\AppData\Local\scalameta\metals\cache\bsp.trace.json
2020.11.16 15:25:53 INFO  time: connected to build server in 30s
2020.11.16 15:25:53 INFO  Connected to Build server v1.4.5-2-eb51d668
2020.11.16 15:25:53 INFO  time: imported build in 0.12s
2020.11.16 15:25:58 INFO  time: indexed workspace in 4.08s
2020.11.16 15:25:59 INFO  compiling chisel-template (3 scala sources)
2020.11.16 15:26:12 INFO  time: compiled chisel-template in 13s
2020.11.16 15:27:56 INFO  compiling chisel-template (3 scala sources)
2020.11.16 15:27:56 INFO  time: compiled chisel-template in 0.47s
2020.11.16 15:27:59 ERROR code navigation does not work for the file 'C:\Users\Mettle\ChiselProjects\chisel-template\src\main\scala\acc_proc\acc_proc.scala' because the SemanticDB file 'C:\Users\Mettle\ChiselProjects\chisel-template\.bloop\chisel-template\bloop-bsp-clients-classes\classes-Metals-S2gXCI2BQeCUQ7M24k_S1Q==\META-INF\semanticdb\src\main\scala\acc_proc\acc_proc.scala.semanticdb' doesn't exist. There can be many reasons for this error. 
2020.11.16 15:27:59 ERROR code navigation does not work for the file 'C:\Users\Mettle\ChiselProjects\chisel-template\src\main\scala\acc_proc\acc_proc.scala' because the SemanticDB file 'C:\Users\Mettle\ChiselProjects\chisel-template\.bloop\chisel-template\bloop-bsp-clients-classes\classes-Metals-S2gXCI2BQeCUQ7M24k_S1Q==\META-INF\semanticdb\src\main\scala\acc_proc\acc_proc.scala.semanticdb' doesn't exist. There can be many reasons for this error. 
Nov 16, 2020 3:35:40 PM org.eclipse.lsp4j.jsonrpc.services.GenericEndpoint notify
INFO: Unsupported notification method: $/setTraceNotification
2020.11.16 15:35:45 INFO  compiling chisel-template (3 scala sources)
2020.11.16 15:35:45 INFO  time: compiled chisel-template in 0.33s
2020.11.16 15:36:52 INFO  compiling chisel-template (3 scala sources)
2020.11.16 15:36:52 INFO  time: compiled chisel-template in 0.16s
2020.11.16 15:36:56 INFO  compiling chisel-template (3 scala sources)
2020.11.16 15:36:56 INFO  time: compiled chisel-template in 0.12s
2020.11.16 15:36:59 INFO  compiling chisel-template (3 scala sources)
2020.11.16 15:36:59 INFO  time: compiled chisel-template in 0.15s
2020.11.16 15:37:03 INFO  compiling chisel-template (3 scala sources)
2020.11.16 15:37:03 INFO  time: compiled chisel-template in 0.14s
2020.11.16 15:37:07 INFO  compiling chisel-template (3 scala sources)
2020.11.16 15:37:07 INFO  time: compiled chisel-template in 0.13s
2020.11.16 15:37:10 INFO  compiling chisel-template (3 scala sources)
2020.11.16 15:37:10 INFO  time: compiled chisel-template in 0.15s
2020.11.16 15:37:12 INFO  compiling chisel-template (3 scala sources)
2020.11.16 15:37:12 INFO  time: compiled chisel-template in 0.11s
2020.11.16 15:37:29 INFO  compiling chisel-template (3 scala sources)
2020.11.16 15:37:29 INFO  time: compiled chisel-template in 89ms
2020.11.16 15:37:33 ERROR code navigation does not work for the file 'C:\Users\Mettle\ChiselProjects\chisel-template\src\main\scala\acc_proc\acc_proc_shared\acc_proc_def.scala' because the SemanticDB file 'C:\Users\Mettle\ChiselProjects\chisel-template\.bloop\chisel-template\bloop-bsp-clients-classes\classes-Metals-S2gXCI2BQeCUQ7M24k_S1Q==\META-INF\semanticdb\src\main\scala\acc_proc\acc_proc_shared\acc_proc_def.scala.semanticdb' doesn't exist. There can be many reasons for this error. 
2020.11.16 15:37:33 ERROR code navigation does not work for the file 'C:\Users\Mettle\ChiselProjects\chisel-template\src\main\scala\acc_proc\acc_proc_shared\acc_proc_def.scala' because the SemanticDB file 'C:\Users\Mettle\ChiselProjects\chisel-template\.bloop\chisel-template\bloop-bsp-clients-classes\classes-Metals-S2gXCI2BQeCUQ7M24k_S1Q==\META-INF\semanticdb\src\main\scala\acc_proc\acc_proc_shared\acc_proc_def.scala.semanticdb' doesn't exist. There can be many reasons for this error. 
2020.11.16 15:37:33 ERROR code navigation does not work for the file 'C:\Users\Mettle\ChiselProjects\chisel-template\src\main\scala\acc_proc\acc_proc_shared\acc_proc_def.scala' because the SemanticDB file 'C:\Users\Mettle\ChiselProjects\chisel-template\.bloop\chisel-template\bloop-bsp-clients-classes\classes-Metals-S2gXCI2BQeCUQ7M24k_S1Q==\META-INF\semanticdb\src\main\scala\acc_proc\acc_proc_shared\acc_proc_def.scala.semanticdb' doesn't exist. There can be many reasons for this error. 
2020.11.16 15:37:45 INFO  compiling chisel-template (3 scala sources)
2020.11.16 15:37:45 INFO  time: compiled chisel-template in 0.14s
2020.11.16 15:37:47 INFO  compiling chisel-template (3 scala sources)
2020.11.16 15:37:47 INFO  time: compiled chisel-template in 0.12s
2020.11.16 15:37:52 INFO  compiling chisel-template (3 scala sources)
2020.11.16 15:37:52 INFO  time: compiled chisel-template in 0.48s
2020.11.16 15:37:56 INFO  compiling chisel-template (3 scala sources)
2020.11.16 15:37:56 INFO  time: compiled chisel-template in 0.3s
2020.11.16 15:38:02 INFO  compiling chisel-template (3 scala sources)
2020.11.16 15:38:02 INFO  time: compiled chisel-template in 0.3s
2020.11.16 15:38:04 INFO  compiling chisel-template (3 scala sources)
2020.11.16 15:38:04 INFO  time: compiled chisel-template in 0.22s
2020.11.16 15:38:17 INFO  compiling chisel-template (3 scala sources)
2020.11.16 15:38:17 INFO  time: compiled chisel-template in 0.12s
2020.11.16 15:38:21 INFO  compiling chisel-template (3 scala sources)
2020.11.16 15:38:21 INFO  time: compiled chisel-template in 0.11s
2020.11.16 15:38:25 INFO  compiling chisel-template (3 scala sources)
2020.11.16 15:38:25 ERROR code navigation does not work for the file 'C:\Users\Mettle\ChiselProjects\chisel-template\src\main\scala\acc_proc\acc_proc.scala' because the build target chisel-template is being compiled. Wait until compilation is finished and try again.
2020.11.16 15:38:25 INFO  time: compiled chisel-template in 0.4s
2020.11.16 15:38:25 ERROR code navigation does not work for the file 'C:\Users\Mettle\ChiselProjects\chisel-template\src\main\scala\acc_proc\acc_proc.scala' because the build target chisel-template is being compiled. Wait until compilation is finished and try again.
2020.11.16 15:38:27 INFO  compiling chisel-template (3 scala sources)
2020.11.16 15:38:27 INFO  time: compiled chisel-template in 0.25s
2020.11.16 15:38:32 INFO  compiling chisel-template (3 scala sources)
2020.11.16 15:38:32 INFO  time: compiled chisel-template in 0.48s
2020.11.16 15:38:34 ERROR code navigation does not work for the file 'C:\Users\Mettle\ChiselProjects\chisel-template\src\main\scala\acc_proc\acc_proc.scala' because the build target chisel-template is being compiled. Wait until compilation is finished and try again.
2020.11.16 15:38:34 ERROR code navigation does not work for the file 'C:\Users\Mettle\ChiselProjects\chisel-template\src\main\scala\acc_proc\acc_proc.scala' because the build target chisel-template is being compiled. Wait until compilation is finished and try again.
2020.11.16 15:38:34 INFO  compiling chisel-template (3 scala sources)
2020.11.16 15:38:34 INFO  time: compiled chisel-template in 0.43s
2020.11.16 15:38:40 INFO  compiling chisel-template (3 scala sources)
2020.11.16 15:38:40 INFO  time: compiled chisel-template in 0.11s
2020.11.16 15:38:43 INFO  compiling chisel-template (3 scala sources)
2020.11.16 15:38:43 INFO  time: compiled chisel-template in 81ms
2020.11.16 15:38:48 INFO  compiling chisel-template (3 scala sources)
2020.11.16 15:38:48 INFO  time: compiled chisel-template in 85ms
2020.11.16 15:38:55 INFO  compiling chisel-template (3 scala sources)
2020.11.16 15:38:55 INFO  time: compiled chisel-template in 88ms
2020.11.16 15:38:59 INFO  compiling chisel-template (3 scala sources)
2020.11.16 15:38:59 INFO  time: compiled chisel-template in 83ms
2020.11.16 15:39:02 INFO  compiling chisel-template (3 scala sources)
2020.11.16 15:39:02 INFO  time: compiled chisel-template in 88ms
2020.11.16 15:39:06 INFO  compiling chisel-template (3 scala sources)
2020.11.16 15:39:06 INFO  time: compiled chisel-template in 89ms
2020.11.16 15:39:09 INFO  compiling chisel-template (3 scala sources)
2020.11.16 15:39:09 INFO  time: compiled chisel-template in 86ms
2020.11.16 15:39:14 INFO  compiling chisel-template (3 scala sources)
2020.11.16 15:39:14 INFO  time: compiled chisel-template in 88ms
2020.11.16 15:39:16 INFO  compiling chisel-template (3 scala sources)
2020.11.16 15:39:16 INFO  time: compiled chisel-template in 0.22s
2020.11.16 15:39:24 INFO  compiling chisel-template (3 scala sources)
2020.11.16 15:39:24 INFO  time: compiled chisel-template in 84ms
2020.11.16 15:39:26 INFO  compiling chisel-template (3 scala sources)
2020.11.16 15:39:26 INFO  time: compiled chisel-template in 0.23s
2020.11.16 15:39:31 INFO  compiling chisel-template (3 scala sources)
2020.11.16 15:39:31 INFO  time: compiled chisel-template in 0.26s
2020.11.16 15:39:33 INFO  compiling chisel-template (3 scala sources)
2020.11.16 15:39:33 INFO  time: compiled chisel-template in 0.19s
2020.11.16 15:39:36 INFO  compiling chisel-template (3 scala sources)
2020.11.16 15:39:36 INFO  time: compiled chisel-template in 0.2s
2020.11.16 15:39:39 INFO  compiling chisel-template (3 scala sources)
2020.11.16 15:39:39 INFO  time: compiled chisel-template in 0.21s
2020.11.16 15:39:50 INFO  compiling chisel-template (3 scala sources)
2020.11.16 15:39:50 INFO  time: compiled chisel-template in 0.22s
2020.11.16 15:39:52 INFO  compiling chisel-template (3 scala sources)
2020.11.16 15:39:52 INFO  time: compiled chisel-template in 0.17s
2020.11.16 15:39:54 INFO  compiling chisel-template (3 scala sources)
2020.11.16 15:39:54 INFO  time: compiled chisel-template in 0.2s
2020.11.16 15:40:05 ERROR code navigation does not work for the file 'C:\Users\Mettle\ChiselProjects\chisel-template\src\main\scala\acc_proc\acc_proc.scala' because the SemanticDB file 'C:\Users\Mettle\ChiselProjects\chisel-template\.bloop\chisel-template\bloop-bsp-clients-classes\classes-Metals-S2gXCI2BQeCUQ7M24k_S1Q==\META-INF\semanticdb\src\main\scala\acc_proc\acc_proc.scala.semanticdb' doesn't exist. There can be many reasons for this error. 
2020.11.16 15:40:05 ERROR code navigation does not work for the file 'C:\Users\Mettle\ChiselProjects\chisel-template\src\main\scala\acc_proc\acc_proc.scala' because the SemanticDB file 'C:\Users\Mettle\ChiselProjects\chisel-template\.bloop\chisel-template\bloop-bsp-clients-classes\classes-Metals-S2gXCI2BQeCUQ7M24k_S1Q==\META-INF\semanticdb\src\main\scala\acc_proc\acc_proc.scala.semanticdb' doesn't exist. There can be many reasons for this error. 
2020.11.16 15:40:05 INFO  compiling chisel-template (3 scala sources)
2020.11.16 15:40:05 ERROR code navigation does not work for the file 'C:\Users\Mettle\ChiselProjects\chisel-template\src\main\scala\acc_proc\acc_proc.scala' because the build target chisel-template is being compiled. Wait until compilation is finished and try again.
2020.11.16 15:40:05 INFO  time: compiled chisel-template in 0.28s
2020.11.16 15:41:36 INFO  compiling chisel-template (3 scala sources)
2020.11.16 15:41:36 INFO  time: compiled chisel-template in 0.21s
2020.11.16 15:42:16 INFO  compiling chisel-template (3 scala sources)
2020.11.16 15:42:16 INFO  time: compiled chisel-template in 85ms
2020.11.16 15:42:20 INFO  compiling chisel-template (3 scala sources)
2020.11.16 15:42:20 INFO  time: compiled chisel-template in 82ms
2020.11.16 15:42:28 INFO  compiling chisel-template (3 scala sources)
2020.11.16 15:42:28 INFO  time: compiled chisel-template in 82ms
2020.11.16 15:42:40 INFO  compiling chisel-template (3 scala sources)
2020.11.16 15:42:40 INFO  time: compiled chisel-template in 79ms
2020.11.16 15:42:42 INFO  compiling chisel-template (3 scala sources)
2020.11.16 15:42:42 INFO  time: compiled chisel-template in 88ms
2020.11.16 15:42:46 INFO  compiling chisel-template (3 scala sources)
2020.11.16 15:42:46 INFO  time: compiled chisel-template in 76ms
2020.11.16 15:42:48 INFO  compiling chisel-template (3 scala sources)
2020.11.16 15:42:48 INFO  time: compiled chisel-template in 79ms
2020.11.16 15:42:52 INFO  compiling chisel-template (3 scala sources)
2020.11.16 15:42:52 INFO  time: compiled chisel-template in 78ms
2020.11.16 15:43:08 INFO  compiling chisel-template (3 scala sources)
2020.11.16 15:43:08 INFO  time: compiled chisel-template in 75ms
2020.11.16 15:43:11 INFO  compiling chisel-template (3 scala sources)
2020.11.16 15:43:11 INFO  time: compiled chisel-template in 75ms
2020.11.16 15:43:14 INFO  compiling chisel-template (3 scala sources)
2020.11.16 15:43:14 INFO  time: compiled chisel-template in 68ms
2020.11.16 15:43:16 INFO  compiling chisel-template (3 scala sources)
2020.11.16 15:43:16 INFO  time: compiled chisel-template in 76ms
2020.11.16 15:43:22 ERROR code navigation does not work for the file 'C:\Users\Mettle\ChiselProjects\chisel-template\src\main\scala\acc_proc\acc_proc_shared\acc_proc_programs.scala' because the SemanticDB file 'C:\Users\Mettle\ChiselProjects\chisel-template\.bloop\chisel-template\bloop-bsp-clients-classes\classes-Metals-S2gXCI2BQeCUQ7M24k_S1Q==\META-INF\semanticdb\src\main\scala\acc_proc\acc_proc_shared\acc_proc_programs.scala.semanticdb' doesn't exist. There can be many reasons for this error. 
2020.11.16 15:43:24 ERROR code navigation does not work for the file 'C:\Users\Mettle\ChiselProjects\chisel-template\src\main\scala\acc_proc\acc_proc_shared\acc_proc_programs.scala' because the SemanticDB file 'C:\Users\Mettle\ChiselProjects\chisel-template\.bloop\chisel-template\bloop-bsp-clients-classes\classes-Metals-S2gXCI2BQeCUQ7M24k_S1Q==\META-INF\semanticdb\src\main\scala\acc_proc\acc_proc_shared\acc_proc_programs.scala.semanticdb' doesn't exist. There can be many reasons for this error. 
2020.11.16 15:43:24 ERROR code navigation does not work for the file 'C:\Users\Mettle\ChiselProjects\chisel-template\src\main\scala\acc_proc\acc_proc_shared\acc_proc_programs.scala' because the SemanticDB file 'C:\Users\Mettle\ChiselProjects\chisel-template\.bloop\chisel-template\bloop-bsp-clients-classes\classes-Metals-S2gXCI2BQeCUQ7M24k_S1Q==\META-INF\semanticdb\src\main\scala\acc_proc\acc_proc_shared\acc_proc_programs.scala.semanticdb' doesn't exist. There can be many reasons for this error. 
2020.11.16 15:43:25 ERROR code navigation does not work for the file 'C:\Users\Mettle\ChiselProjects\chisel-template\src\main\scala\acc_proc\acc_proc_shared\acc_proc_programs.scala' because the SemanticDB file 'C:\Users\Mettle\ChiselProjects\chisel-template\.bloop\chisel-template\bloop-bsp-clients-classes\classes-Metals-S2gXCI2BQeCUQ7M24k_S1Q==\META-INF\semanticdb\src\main\scala\acc_proc\acc_proc_shared\acc_proc_programs.scala.semanticdb' doesn't exist. There can be many reasons for this error. 
2020.11.16 15:43:26 ERROR code navigation does not work for the file 'C:\Users\Mettle\ChiselProjects\chisel-template\src\main\scala\acc_proc\acc_proc_shared\acc_proc_programs.scala' because the SemanticDB file 'C:\Users\Mettle\ChiselProjects\chisel-template\.bloop\chisel-template\bloop-bsp-clients-classes\classes-Metals-S2gXCI2BQeCUQ7M24k_S1Q==\META-INF\semanticdb\src\main\scala\acc_proc\acc_proc_shared\acc_proc_programs.scala.semanticdb' doesn't exist. There can be many reasons for this error. 
2020.11.16 15:43:26 ERROR code navigation does not work for the file 'C:\Users\Mettle\ChiselProjects\chisel-template\src\main\scala\acc_proc\acc_proc_shared\acc_proc_programs.scala' because the SemanticDB file 'C:\Users\Mettle\ChiselProjects\chisel-template\.bloop\chisel-template\bloop-bsp-clients-classes\classes-Metals-S2gXCI2BQeCUQ7M24k_S1Q==\META-INF\semanticdb\src\main\scala\acc_proc\acc_proc_shared\acc_proc_programs.scala.semanticdb' doesn't exist. There can be many reasons for this error. 
2020.11.16 15:43:27 INFO  compiling chisel-template (3 scala sources)
2020.11.16 15:43:27 INFO  time: compiled chisel-template in 93ms
2020.11.16 15:43:34 INFO  compiling chisel-template (3 scala sources)
2020.11.16 15:43:34 INFO  time: compiled chisel-template in 77ms
2020.11.16 15:43:39 ERROR code navigation does not work for the file 'C:\Users\Mettle\ChiselProjects\chisel-template\src\main\scala\acc_proc\acc_proc_shared\acc_proc_programs.scala' because the SemanticDB file 'C:\Users\Mettle\ChiselProjects\chisel-template\.bloop\chisel-template\bloop-bsp-clients-classes\classes-Metals-S2gXCI2BQeCUQ7M24k_S1Q==\META-INF\semanticdb\src\main\scala\acc_proc\acc_proc_shared\acc_proc_programs.scala.semanticdb' doesn't exist. There can be many reasons for this error. 
2020.11.16 15:43:39 INFO  compiling chisel-template (3 scala sources)
2020.11.16 15:43:39 ERROR code navigation does not work for the file 'C:\Users\Mettle\ChiselProjects\chisel-template\src\main\scala\acc_proc\acc_proc_shared\acc_proc_programs.scala' because the build target chisel-template is being compiled. Wait until compilation is finished and try again.
2020.11.16 15:43:41 WARN  there were 8 feature warnings; re-run with -feature for details
2020.11.16 15:43:41 INFO  time: compiled chisel-template in 2.94s
2020.11.16 15:43:44 INFO  compiling chisel-template (1 scala source)
2020.11.16 15:43:44 INFO  time: compiled chisel-template in 0.58s
2020.11.16 15:43:46 INFO  compiling chisel-template (1 scala source)
2020.11.16 15:43:46 INFO  time: compiled chisel-template in 0.86s
2020.11.16 15:43:49 INFO  compiling chisel-template (1 scala source)
2020.11.16 15:43:49 INFO  time: compiled chisel-template in 0.55s
2020.11.16 15:43:54 INFO  compiling chisel-template (1 scala source)
2020.11.16 15:43:54 INFO  time: compiled chisel-template in 0.61s
2020.11.16 15:43:56 INFO  compiling chisel-template (1 scala source)
2020.11.16 15:43:56 INFO  time: compiled chisel-template in 0.54s
2020.11.16 15:43:59 INFO  compiling chisel-template (1 scala source)
2020.11.16 15:43:59 INFO  time: compiled chisel-template in 0.52s
2020.11.16 15:44:02 INFO  compiling chisel-template (1 scala source)
2020.11.16 15:44:02 INFO  time: compiled chisel-template in 0.55s
2020.11.16 15:44:04 INFO  compiling chisel-template (1 scala source)
2020.11.16 15:44:04 INFO  time: compiled chisel-template in 0.61s
2020.11.16 15:44:07 INFO  compiling chisel-template-test (1 scala source)
2020.11.16 15:44:07 INFO  time: compiled chisel-template-test in 0.12s
2020.11.16 15:44:13 INFO  compiling chisel-template-test (1 scala source)
2020.11.16 15:44:13 INFO  time: compiled chisel-template-test in 0.1s
2020.11.16 15:44:15 INFO  compiling chisel-template-test (1 scala source)
2020.11.16 15:44:15 INFO  time: compiled chisel-template-test in 97ms
2020.11.16 15:44:17 INFO  compiling chisel-template-test (1 scala source)
2020.11.16 15:44:17 INFO  time: compiled chisel-template-test in 0.11s
2020.11.16 15:44:19 INFO  C:\Users\Mettle\ChiselProjects\chisel-template\src\test\scala\acc_proc\ACC_PROC_MAIN.scala:48:3: stale bloop error: inferred type arguments [acc_proc.AccProc] do not conform to method execute's type parameter bounds [T <: chisel3.MultiIOModule]
  iotesters.Driver.execute(args, () => new AccProc){
  ^^^^^^^^^^^^^^^^^^^^^^^^
2020.11.16 15:44:19 INFO  C:\Users\Mettle\ChiselProjects\chisel-template\src\test\scala\acc_proc\ACC_PROC_MAIN.scala:48:34: stale bloop error: type mismatch;
 found   : () => acc_proc.AccProc
 required: () => T
  iotesters.Driver.execute(args, () => new AccProc){
                                 ^^^^^^^^^^^^^^^^^
2020.11.16 15:44:19 INFO  C:\Users\Mettle\ChiselProjects\chisel-template\src\test\scala\acc_proc\ACC_PROC_MAIN.scala:48:3: stale bloop error: inferred type arguments [acc_proc.AccProc] do not conform to method execute's type parameter bounds [T <: chisel3.MultiIOModule]
  iotesters.Driver.execute(args, () => new AccProc){
  ^^^^^^^^^^^^^^^^^^^^^^^^
2020.11.16 15:44:19 INFO  C:\Users\Mettle\ChiselProjects\chisel-template\src\test\scala\acc_proc\ACC_PROC_MAIN.scala:48:34: stale bloop error: type mismatch;
 found   : () => acc_proc.AccProc
 required: () => T
  iotesters.Driver.execute(args, () => new AccProc){
                                 ^^^^^^^^^^^^^^^^^
2020.11.16 15:44:21 INFO  compiling chisel-template-test (1 scala source)
2020.11.16 15:44:21 INFO  time: compiled chisel-template-test in 79ms
2020.11.16 15:44:22 INFO  C:\Users\Mettle\ChiselProjects\chisel-template\src\test\scala\acc_proc\ACC_PROC_MAIN.scala:47:1: stale bloop error: expected class or object definition
/object AccProcDriver extends App { // Can't test using IOTesters since this process happens without input or output value. 
^
2020.11.16 15:44:22 INFO  C:\Users\Mettle\ChiselProjects\chisel-template\src\test\scala\acc_proc\ACC_PROC_MAIN.scala:47:1: stale bloop error: expected class or object definition
/object AccProcDriver extends App { // Can't test using IOTesters since this process happens without input or output value. 
^
2020.11.16 15:44:23 INFO  C:\Users\Mettle\ChiselProjects\chisel-template\src\test\scala\acc_proc\ACC_PROC_MAIN.scala:47:1: stale bloop error: expected class or object definition
/object AccProcDriver extends App { // Can't test using IOTesters since this process happens without input or output value. 
^
2020.11.16 15:44:23 INFO  compiling chisel-template-test (1 scala source)
2020.11.16 15:44:23 INFO  C:\Users\Mettle\ChiselProjects\chisel-template\src\test\scala\acc_proc\ACC_PROC_MAIN.scala:47:1: stale bloop error: unclosed comment
/*object AccProcDriver extends App { // Can't test using IOTesters since this process happens without input or output value. 
^
2020.11.16 15:44:23 INFO  time: compiled chisel-template-test in 77ms
2020.11.16 15:44:24 INFO  C:\Users\Mettle\ChiselProjects\chisel-template\src\test\scala\acc_proc\ACC_PROC_MAIN.scala:47:1: stale bloop error: unclosed comment
/*object AccProcDriver extends App { // Can't test using IOTesters since this process happens without input or output value. 
^
2020.11.16 15:44:23 INFO  C:\Users\Mettle\ChiselProjects\chisel-template\src\test\scala\acc_proc\ACC_PROC_MAIN.scala:47:1: stale bloop error: unclosed comment
/*object AccProcDriver extends App { // Can't test using IOTesters since this process happens without input or output value. 
^
2020.11.16 15:44:24 INFO  C:\Users\Mettle\ChiselProjects\chisel-template\src\test\scala\acc_proc\ACC_PROC_MAIN.scala:47:1: stale bloop error: unclosed comment
/*object AccProcDriver extends App { // Can't test using IOTesters since this process happens without input or output value. 
^
2020.11.16 15:44:24 INFO  C:\Users\Mettle\ChiselProjects\chisel-template\src\test\scala\acc_proc\ACC_PROC_MAIN.scala:47:1: stale bloop error: unclosed comment
/*object AccProcDriver extends App { // Can't test using IOTesters since this process happens without input or output value. 
^
2020.11.16 15:44:24 INFO  C:\Users\Mettle\ChiselProjects\chisel-template\src\test\scala\acc_proc\ACC_PROC_MAIN.scala:47:1: stale bloop error: unclosed comment
/*object AccProcDriver extends App { // Can't test using IOTesters since this process happens without input or output value. 
^
2020.11.16 15:44:25 INFO  compiling chisel-template-test (1 scala source)
2020.11.16 15:44:25 INFO  time: compiled chisel-template-test in 72ms
2020.11.16 15:44:39 INFO  compiling chisel-template-test (1 scala source)
2020.11.16 15:44:39 INFO  time: compiled chisel-template-test in 88ms
2020.11.16 15:44:42 INFO  compiling chisel-template-test (1 scala source)
2020.11.16 15:44:42 INFO  time: compiled chisel-template-test in 0.54s
2020.11.16 15:44:44 INFO  compiling chisel-template-test (1 scala source)
2020.11.16 15:44:44 INFO  time: compiled chisel-template-test in 0.69s
2020.11.16 15:45:01 INFO  compiling chisel-template (1 scala source)
2020.11.16 15:45:01 WARN  there were 5 feature warnings; re-run with -feature for details
2020.11.16 15:45:01 INFO  time: compiled chisel-template in 0.91s
2020.11.16 15:45:16 INFO  compiling chisel-template (1 scala source)
2020.11.16 15:45:16 INFO  time: compiled chisel-template in 0.2s
2020.11.16 15:45:18 INFO  compiling chisel-template (1 scala source)
2020.11.16 15:45:18 WARN  there were 5 feature warnings; re-run with -feature for details
2020.11.16 15:45:18 INFO  time: compiled chisel-template in 0.9s
